0 info it worked if it ends with ok
1 verbose cli [ '/Users/rbeaman/.nvm/versions/node/v5.10.1/bin/node',
1 verbose cli   '/Users/rbeaman/.nvm/versions/node/v5.10.1/bin/npm',
1 verbose cli   'publish' ]
2 info using npm@3.8.3
3 info using node@v5.10.1
4 verbose publish [ '.' ]
5 silly cache add args [ '.', null ]
6 verbose cache add spec .
7 silly cache add parsed spec Result {
7 silly cache add   raw: '.',
7 silly cache add   scope: null,
7 silly cache add   name: null,
7 silly cache add   rawSpec: '.',
7 silly cache add   spec: '/Users/rbeaman/projects/is-json',
7 silly cache add   type: 'directory' }
8 verbose addLocalDirectory /Users/rbeaman/.npm/is-json/1.0.0/package.tgz not in flight; packing
9 verbose correctMkdir /Users/rbeaman/.npm correctMkdir not in flight; initializing
10 info lifecycle is-json@1.0.0~prepublish: is-json@1.0.0
11 silly lifecycle is-json@1.0.0~prepublish: no script for prepublish, continuing
12 verbose tar pack [ '/Users/rbeaman/.npm/is-json/1.0.0/package.tgz',
12 verbose tar pack   '/Users/rbeaman/projects/is-json' ]
13 verbose tarball /Users/rbeaman/.npm/is-json/1.0.0/package.tgz
14 verbose folder /Users/rbeaman/projects/is-json
15 verbose addLocalTarball adding from inside cache /Users/rbeaman/.npm/is-json/1.0.0/package.tgz
16 verbose correctMkdir /Users/rbeaman/.npm correctMkdir not in flight; initializing
17 silly cache afterAdd is-json@1.0.0
18 verbose afterAdd /Users/rbeaman/.npm/is-json/1.0.0/package/package.json not in flight; writing
19 verbose correctMkdir /Users/rbeaman/.npm correctMkdir not in flight; initializing
20 verbose afterAdd /Users/rbeaman/.npm/is-json/1.0.0/package/package.json written
21 silly publish { name: 'is-json',
21 silly publish   version: '1.0.0',
21 silly publish   description: 'test if string is valid JSON or not',
21 silly publish   main: 'index.js',
21 silly publish   scripts: { test: 'echo "Error: no test specified" && exit 1' },
21 silly publish   repository:
21 silly publish    { type: 'git',
21 silly publish      url: 'git+https://github.com/sirrodgepodge/is-json.git' },
21 silly publish   author: { name: 'sirRodgePodge' },
21 silly publish   license: 'MIT',
21 silly publish   bugs: { url: 'https://github.com/sirrodgepodge/is-json/issues' },
21 silly publish   homepage: 'https://github.com/sirrodgepodge/is-json#readme',
21 silly publish   readme: '# is-json\nsimple utility to function to test if a string is valid JSON or not\n\n        var isJSON = require(\'is-json\');\n        \n        console.log(isJSON(\'{}\')); // => true\n        console.log(isJSON(\'{I am not a valid JSON}\')); // => false\n',
21 silly publish   readmeFilename: 'README.md',
21 silly publish   gitHead: '62c094880bbefd37a1440c152d6f2826b017dc33',
21 silly publish   _id: 'is-json@1.0.0',
21 silly publish   _shasum: '5bf61639ff05ccb4e04bda504fd49a5a0b69c327',
21 silly publish   _from: '.' }
22 verbose getPublishConfig undefined
23 silly mapToRegistry name is-json
24 silly mapToRegistry using default registry
25 silly mapToRegistry registry https://registry.npmjs.org/
26 silly mapToRegistry data Result {
26 silly mapToRegistry   raw: 'is-json',
26 silly mapToRegistry   scope: null,
26 silly mapToRegistry   name: 'is-json',
26 silly mapToRegistry   rawSpec: '',
26 silly mapToRegistry   spec: 'latest',
26 silly mapToRegistry   type: 'tag' }
27 silly mapToRegistry uri https://registry.npmjs.org/is-json
28 verbose publish registryBase https://registry.npmjs.org/
29 silly publish uploading /Users/rbeaman/.npm/is-json/1.0.0/package.tgz
30 verbose request uri https://registry.npmjs.org/is-json
31 verbose request sending authorization for write operation
32 info attempt registry request try #1 at 9:29:21 PM
33 verbose request using bearer token for auth
34 verbose request id dd81213b14811d53
35 http request PUT https://registry.npmjs.org/is-json
36 http 403 https://registry.npmjs.org/is-json
37 verbose headers { 'content-type': 'application/json',
37 verbose headers   'cache-control': 'max-age=300',
37 verbose headers   'content-length': '101',
37 verbose headers   'accept-ranges': 'bytes',
37 verbose headers   date: 'Mon, 02 May 2016 01:29:21 GMT',
37 verbose headers   via: '1.1 varnish',
37 verbose headers   connection: 'keep-alive',
37 verbose headers   'x-served-by': 'cache-jfk1047-JFK',
37 verbose headers   'x-cache': 'MISS',
37 verbose headers   'x-cache-hits': '0',
37 verbose headers   'x-timer': 'S1462152561.550250,VS0,VE337',
37 verbose headers   vary: 'Accept-Encoding' }
38 verbose request invalidating /Users/rbeaman/.npm/registry.npmjs.org/is-json on PUT
39 error publish Failed PUT 403
40 verbose stack Error: you do not have permission to publish "is-json". Are you logged in as the correct user? : is-json
40 verbose stack     at makeError (/Users/rbeaman/.nvm/versions/node/v5.10.1/lib/node_modules/npm/node_modules/npm-registry-client/lib/request.js:264:12)
40 verbose stack     at CachingRegistryClient.<anonymous> (/Users/rbeaman/.nvm/versions/node/v5.10.1/lib/node_modules/npm/node_modules/npm-registry-client/lib/request.js:252:14)
40 verbose stack     at Request._callback (/Users/rbeaman/.nvm/versions/node/v5.10.1/lib/node_modules/npm/node_modules/npm-registry-client/lib/request.js:172:14)
40 verbose stack     at Request.self.callback (/Users/rbeaman/.nvm/versions/node/v5.10.1/lib/node_modules/npm/node_modules/request/request.js:199:22)
40 verbose stack     at emitTwo (events.js:100:13)
40 verbose stack     at Request.emit (events.js:185:7)
40 verbose stack     at Request.<anonymous> (/Users/rbeaman/.nvm/versions/node/v5.10.1/lib/node_modules/npm/node_modules/request/request.js:1036:10)
40 verbose stack     at emitOne (events.js:95:20)
40 verbose stack     at Request.emit (events.js:182:7)
40 verbose stack     at IncomingMessage.<anonymous> (/Users/rbeaman/.nvm/versions/node/v5.10.1/lib/node_modules/npm/node_modules/request/request.js:963:12)
41 verbose statusCode 403
42 verbose pkgid is-json
43 verbose cwd /Users/rbeaman/projects/is-json
44 error Darwin 15.4.0
45 error argv "/Users/rbeaman/.nvm/versions/node/v5.10.1/bin/node" "/Users/rbeaman/.nvm/versions/node/v5.10.1/bin/npm" "publish"
46 error node v5.10.1
47 error npm  v3.8.3
48 error code E403
49 error you do not have permission to publish "is-json". Are you logged in as the correct user? : is-json
50 error If you need help, you may report this error at:
50 error     <https://github.com/npm/npm/issues>
51 verbose exit [ 1, true ]
